Sun May 24 22:29:43 IDT 2020 lSystem.ServiceLayer.GuestController.login: TypeFootballSystem.System.Exeptions.NoSuchAUserNamedExceptionTime:Sun May 24 22:29:43 IDT 2020
Sun May 24 22:31:43 IDT 2020 lSystem.ServiceLayer.GuestController.login: Type: FootballSystem.System.Exeptions.NoSuchAUserNamedException
Mon May 25 18:25:52 IDT 2020 lSystem.ServiceLayer.GuestController.login: Type: FootballSystem.System.Exeptions.WrongPasswordException
Mon May 25 18:26:56 IDT 2020 lSystem.ServiceLayer.GuestController.login: Type: FootballSystem.System.Exeptions.WrongPasswordException
Mon May 25 18:27:16 IDT 2020 lSystem.ServiceLayer.GuestController.login: Type: FootballSystem.System.Exeptions.WrongPasswordException
Tue May 26 18:52:00 IDT 2020 lSystem.ServiceLayer.RefereeController.addEventAfterGame: Type: FootballSystem.System.Exeptions.NoRefereePermissions
Tue May 26 18:52:00 IDT 2020 lSystem.ServiceLayer.RefereeController.addEventAfterGame: TypeFootballSystem.System.Exeptions.NoRefereePermissionsTime:Tue May 26 18:52:00 IDT 2020
Fri May 29 22:57:24 IDT 2020 lSystem.DataAccess.GameSQL.getAll: Type: SQLState '42S02' : java.sql.SQLSyntaxErrorException: Table 'football_system2.gamesiiiii' doesn't exist
Fri May 29 23:01:40 IDT 2020 lSystem.ServiceLayer.GuestController.login: Type: FootballSystem.System.Exeptions.WrongPasswordException
Fri May 29 23:21:00 IDT 2020 lSystem.ServiceLayer.GuestController.login: Type: FootballSystem.System.Exeptions.NoSuchAUserNamedException
Fri May 29 23:21:11 IDT 2020 lSystem.ServiceLayer.GuestController.login: Type: FootballSystem.System.Exeptions.WrongPasswordException
Fri May 29 23:31:44 IDT 2020 lSystem.System.Controller.addTeam: Create team failed- team name already exist
Fri May 29 23:37:10 IDT 2020 lSystem.System.Controller.addTeam: Create team failed- team name already exist
Fri May 29 23:38:10 IDT 2020 lSystem.System.Controller.addTeam: Create team failed- team name already exist
Fri May 29 23:45:32 IDT 2020 lSystem.System.Controller.addTeam: Create team failed- team name already exist
Sat May 30 11:20:39 IDT 2020 lSystem.System.Controller.addTeam: Create team failed- team name already exist
Sat May 30 11:21:12 IDT 2020 lSystem.System.Controller.addTeam: Create team failed- team name already exist
Sat May 30 11:22:39 IDT 2020 lSystem.System.Controller.addTeam: Create team failed- team name already exist
Sat May 30 11:29:20 IDT 2020 lSystem.System.Controller.addTeam: Create team failed- team name already exist
Sat May 30 11:42:56 IDT 2020 lSystem.DataAccess.TeamSQL.save: Type: SQLState '23000' : java.sql.SQLIntegrityConstraintViolationException: Duplicate entry '6' for key 'team.PRIMARY'
Sat May 30 11:44:05 IDT 2020 lSystem.ServiceLayer.GuestController.login: Type: FootballSystem.System.Exeptions.NoSuchAUserNamedException
Sat May 30 11:47:26 IDT 2020 lSystem.System.Controller.addTeam: Create team failed- team name already exist
Sat May 30 11:48:48 IDT 2020 lSystem.ServiceLayer.GuestController.login: Type: FootballSystem.System.Exeptions.WrongPasswordException
Sat May 30 11:48:57 IDT 2020 lSystem.System.Controller.addTeam: Create team failed- team name already exist
Sat May 30 11:49:39 IDT 2020 lSystem.System.Controller.addTeam: Create team failed- team name already exist
Sat May 30 12:20:27 IDT 2020 lSystem.System.Controller.addTeam: Create team failed- team name already exist
Sat May 30 12:20:41 IDT 2020 lSystem.System.Controller.addTeam: Create team failed- team name already exist
Sat May 30 12:42:34 IDT 2020 lSystem.System.Controller.addTeam: Create team failed- team name already exist
Sat May 30 12:43:42 IDT 2020 lSystem.System.Controller.addTeam: Create team failed- team name already exist
Sat May 30 13:45:54 IDT 2020 lSystem.DataAccess.EventSQL.save: Type: SQLState '23000' : java.sql.SQLIntegrityConstraintViolationException: Duplicate entry '9' for key 'event.PRIMARY'
Sat May 30 13:48:30 IDT 2020 lSystem.DataAccess.EventSQL.save: Type: SQLState '23000' : java.sql.SQLIntegrityConstraintViolationException: Duplicate entry '15' for key 'event.PRIMARY'
Sat May 30 14:19:47 IDT 2020 lSystem.DataAccess.EventSQL.save: Type: SQLState '23000' : java.sql.SQLIntegrityConstraintViolationException: Duplicate entry '3' for key 'event.PRIMARY'
Sat May 30 15:07:36 IDT 2020 lSystem.DataAccess.GameSQL.getAll: Type: SQLState '08003' : java.sql.SQLNonTransientConnectionException: No operations allowed after connection closed.
Sat May 30 15:08:45 IDT 2020 lSystem.DataAccess.DBConnector.getConnection: Type: SQLState '08S01' : com.mysql.cj.jdbc.exceptions.CommunicationsException: Communications link failure

The last packet sent successfully to the server was 0 milliseconds ago. The driver has not received any packets from the server.
Sat May 30 15:09:19 IDT 2020 lSystem.DataAccess.GameSQL.getAll: Type: SQLState '08003' : java.sql.SQLNonTransientConnectionException: No operations allowed after connection closed.
Sat May 30 15:14:34 IDT 2020 lSystem.ServiceLayer.GuestController.login: Type: FootballSystem.System.Exeptions.NoSuchAUserNamedException
Sat May 30 15:20:47 IDT 2020 lSystem.ServiceLayer.RefereeController.addEventAfterGame: Type: FootballSystem.System.Exeptions.NoRefereePermissions
Sat May 30 15:20:47 IDT 2020 lSystem.ServiceLayer.RefereeController.addEventAfterGame: TypeFootballSystem.System.Exeptions.NoRefereePermissionsTime:Sat May 30 15:20:47 IDT 2020
Sat May 30 15:22:09 IDT 2020 lSystem.ServiceLayer.RefereeController.addEventAfterGame: Type: FootballSystem.System.Exeptions.NoRefereePermissions
Sat May 30 15:22:09 IDT 2020 lSystem.ServiceLayer.RefereeController.addEventAfterGame: TypeFootballSystem.System.Exeptions.NoRefereePermissionsTime:Sat May 30 15:22:09 IDT 2020
Sat May 30 16:45:25 IDT 2020 lSystem.ServiceLayer.GuestController.login: Type: FootballSystem.System.Exeptions.NoSuchAUserNamedException
Sat May 30 17:16:21 IDT 2020 lSystem.ServiceLayer.GuestController.login: Type: FootballSystem.System.Exeptions.NoSuchAUserNamedException
Sat May 30 17:16:44 IDT 2020 lSystem.ServiceLayer.GuestController.login: Type: FootballSystem.System.Exeptions.NoSuchAUserNamedException
Sat May 30 17:23:20 IDT 2020 lSystem.ServiceLayer.GuestController.login: Type: FootballSystem.System.Exeptions.NoSuchAUserNamedException
